<?xml version="1.0" encoding="UTF-8"?>
<testng-results ignored="0" total="5" passed="5" failed="0" skipped="0">
  <reporter-output>
  </reporter-output>
  <suite started-at="2025-09-07T12:19:22 IST" name="Default suite" finished-at="2025-09-07T12:19:47 IST" duration-ms="24688">
    <groups>
    </groups>
    <test started-at="2025-09-07T12:19:22 IST" name="Default test" finished-at="2025-09-07T12:19:47 IST" duration-ms="24688">
      <class name="tests.LoginTests">
        <test-method is-config="true" signature="setUp()[pri:0, instance:tests.LoginTests@55182842]" started-at="2025-09-07T12:19:22 IST" name="setUp" finished-at="2025-09-07T12:19:26 IST" duration-ms="3976" status="PASS">
          <reporter-output>
          </reporter-output>
        </test-method> <!-- setUp -->
        <test-method is-config="true" signature="setUpTest()[pri:0, instance:tests.LoginTests@55182842]" started-at="2025-09-07T12:19:26 IST" name="setUpTest" finished-at="2025-09-07T12:19:27 IST" duration-ms="601" status="PASS">
          <reporter-output>
          </reporter-output>
        </test-method> <!-- setUpTest -->
        <test-method signature="testInvalidLoginShowErrorMsg()[pri:0, instance:tests.LoginTests@55182842]" started-at="2025-09-07T12:19:27 IST" name="testInvalidLoginShowErrorMsg" finished-at="2025-09-07T12:19:29 IST" duration-ms="1766" status="PASS">
          <reporter-output>
          </reporter-output>
        </test-method> <!-- testInvalidLoginShowErrorMsg -->
        <test-method is-config="true" signature="tearDown()[pri:0, instance:tests.LoginTests@55182842]" started-at="2025-09-07T12:19:29 IST" name="tearDown" finished-at="2025-09-07T12:19:29 IST" duration-ms="654" status="PASS">
          <reporter-output>
          </reporter-output>
        </test-method> <!-- tearDown -->
        <test-method is-config="true" signature="setUp()[pri:0, instance:tests.LoginTests@55182842]" started-at="2025-09-07T12:19:29 IST" name="setUp" finished-at="2025-09-07T12:19:32 IST" duration-ms="2928" status="PASS">
          <reporter-output>
          </reporter-output>
        </test-method> <!-- setUp -->
        <test-method is-config="true" signature="setUpTest()[pri:0, instance:tests.LoginTests@55182842]" started-at="2025-09-07T12:19:32 IST" name="setUpTest" finished-at="2025-09-07T12:19:33 IST" duration-ms="591" status="PASS">
          <reporter-output>
          </reporter-output>
        </test-method> <!-- setUpTest -->
        <test-method signature="testLoginButtonDisabledWhenFieldsEmpty()[pri:0, instance:tests.LoginTests@55182842]" started-at="2025-09-07T12:19:33 IST" name="testLoginButtonDisabledWhenFieldsEmpty" finished-at="2025-09-07T12:19:33 IST" duration-ms="3" status="PASS">
          <reporter-output>
          </reporter-output>
        </test-method> <!-- testLoginButtonDisabledWhenFieldsEmpty -->
        <test-method is-config="true" signature="tearDown()[pri:0, instance:tests.LoginTests@55182842]" started-at="2025-09-07T12:19:33 IST" name="tearDown" finished-at="2025-09-07T12:19:33 IST" duration-ms="521" status="PASS">
          <reporter-output>
          </reporter-output>
        </test-method> <!-- tearDown -->
        <test-method is-config="true" signature="setUp()[pri:0, instance:tests.LoginTests@55182842]" started-at="2025-09-07T12:19:33 IST" name="setUp" finished-at="2025-09-07T12:19:36 IST" duration-ms="2485" status="PASS">
          <reporter-output>
          </reporter-output>
        </test-method> <!-- setUp -->
        <test-method is-config="true" signature="setUpTest()[pri:0, instance:tests.LoginTests@55182842]" started-at="2025-09-07T12:19:36 IST" name="setUpTest" finished-at="2025-09-07T12:19:36 IST" duration-ms="650" status="PASS">
          <reporter-output>
          </reporter-output>
        </test-method> <!-- setUpTest -->
        <test-method signature="testPasswordMaskedByDefault()[pri:0, instance:tests.LoginTests@55182842]" started-at="2025-09-07T12:19:36 IST" name="testPasswordMaskedByDefault" finished-at="2025-09-07T12:19:37 IST" duration-ms="776" status="PASS">
          <reporter-output>
          </reporter-output>
        </test-method> <!-- testPasswordMaskedByDefault -->
        <test-method is-config="true" signature="tearDown()[pri:0, instance:tests.LoginTests@55182842]" started-at="2025-09-07T12:19:37 IST" name="tearDown" finished-at="2025-09-07T12:19:38 IST" duration-ms="629" status="PASS">
          <reporter-output>
          </reporter-output>
        </test-method> <!-- tearDown -->
        <test-method is-config="true" signature="setUp()[pri:0, instance:tests.LoginTests@55182842]" started-at="2025-09-07T12:19:38 IST" name="setUp" finished-at="2025-09-07T12:19:40 IST" duration-ms="2509" status="PASS">
          <reporter-output>
          </reporter-output>
        </test-method> <!-- setUp -->
        <test-method is-config="true" signature="setUpTest()[pri:0, instance:tests.LoginTests@55182842]" started-at="2025-09-07T12:19:40 IST" name="setUpTest" finished-at="2025-09-07T12:19:41 IST" duration-ms="1001" status="PASS">
          <reporter-output>
          </reporter-output>
        </test-method> <!-- setUpTest -->
        <test-method signature="testPasswordToggleMaskingAgain()[pri:0, instance:tests.LoginTests@55182842]" started-at="2025-09-07T12:19:41 IST" name="testPasswordToggleMaskingAgain" finished-at="2025-09-07T12:19:42 IST" duration-ms="595" status="PASS">
          <reporter-output>
          </reporter-output>
        </test-method> <!-- testPasswordToggleMaskingAgain -->
        <test-method is-config="true" signature="tearDown()[pri:0, instance:tests.LoginTests@55182842]" started-at="2025-09-07T12:19:42 IST" name="tearDown" finished-at="2025-09-07T12:19:43 IST" duration-ms="749" status="PASS">
          <reporter-output>
          </reporter-output>
        </test-method> <!-- tearDown -->
        <test-method is-config="true" signature="setUp()[pri:0, instance:tests.LoginTests@55182842]" started-at="2025-09-07T12:19:43 IST" name="setUp" finished-at="2025-09-07T12:19:45 IST" duration-ms="2201" status="PASS">
          <reporter-output>
          </reporter-output>
        </test-method> <!-- setUp -->
        <test-method is-config="true" signature="setUpTest()[pri:0, instance:tests.LoginTests@55182842]" started-at="2025-09-07T12:19:45 IST" name="setUpTest" finished-at="2025-09-07T12:19:46 IST" duration-ms="614" status="PASS">
          <reporter-output>
          </reporter-output>
        </test-method> <!-- setUpTest -->
        <test-method signature="testPasswordUnmasking()[pri:0, instance:tests.LoginTests@55182842]" started-at="2025-09-07T12:19:46 IST" name="testPasswordUnmasking" finished-at="2025-09-07T12:19:46 IST" duration-ms="739" status="PASS">
          <reporter-output>
          </reporter-output>
        </test-method> <!-- testPasswordUnmasking -->
        <test-method is-config="true" signature="tearDown()[pri:0, instance:tests.LoginTests@55182842]" started-at="2025-09-07T12:19:46 IST" name="tearDown" finished-at="2025-09-07T12:19:47 IST" duration-ms="579" status="PASS">
          <reporter-output>
          </reporter-output>
        </test-method> <!-- tearDown -->
      </class> <!-- tests.LoginTests -->
    </test> <!-- Default test -->
  </suite> <!-- Default suite -->
</testng-results>
