<?xml version="1.0" encoding="UTF-8"?>
<!-- Generated by org.testng.reporters.JUnitXMLReporter -->
<testsuite ignored="0" hostname="LAPTOP-OGN7MF7F" failures="0" tests="5" name="Default test" time="24.688" errors="0" timestamp="2025-09-07T12:19:47 IST">
  <testcase classname="tests.LoginTests" name="testInvalidLoginShowErrorMsg" time="1.766"/>
  <testcase classname="tests.LoginTests" name="testLoginButtonDisabledWhenFieldsEmpty" time="0.003"/>
  <testcase classname="tests.LoginTests" name="testPasswordMaskedByDefault" time="0.776"/>
  <testcase classname="tests.LoginTests" name="testPasswordToggleMaskingAgain" time="0.595"/>
  <testcase classname="tests.LoginTests" name="testPasswordUnmasking" time="0.739"/>
</testsuite> <!-- Default test -->
